<?xml version="1.0" encoding="UTF-8"?>
<!-- Generated by org.testng.reporters.JUnitXMLReporter -->
<testsuite ignored="0" hostname="DESKTOP-C59B9SP" failures="0" tests="3" name="Default test" time="36.871" errors="0" timestamp="2026-04-16T16:05:07 IST">
  <testcase classname="Advance_Reporting.Create_Contact_Test_TestNg" name="createContactTest" time="6.75"/>
  <testcase classname="Advance_Reporting.Create_Contact_Test_TestNg" name="createContactWithOrgTest" time="10.916"/>
  <testcase classname="Advance_Reporting.Create_Contact_Test_TestNg" name="createContactWithSupportDateTest" time="5.026"/>
</testsuite> <!-- Default test -->
