<?xml version="1.0" encoding="UTF-8"?>
<!-- Generated by org.testng.reporters.JUnitReportReporter -->
<testsuite hostname="DESKTOP-C59B9SP" failures="0" tests="1" name="Com.Crm.Comcast.ContactTest_Testng.Create_Contact_Test_TestNg" time="10.432" errors="0" timestamp="2026-04-15T20:05:09 IST" skipped="0">
  <testcase classname="Com.Crm.Comcast.ContactTest_Testng.Create_Contact_Test_TestNg" name="createContactWithOrgTest" time="10.432"/>
  <system-out/>
</testsuite> <!-- Com.Crm.Comcast.ContactTest_Testng.Create_Contact_Test_TestNg -->
