<?xml version="1.0" encoding="UTF-8"?>
<!-- Generated by org.testng.reporters.JUnitReportReporter -->
<testsuite hostname="DESKTOP-C59B9SP" failures="0" tests="3" name="Com.Crm.Comcast.ContactTest_BatchExecution_Testng.Create_Contact_Test_TestNg" time="36.226" errors="0" timestamp="2026-03-17T16:38:43 IST" skipped="0">
  <testcase classname="Com.Crm.Comcast.ContactTest_BatchExecution_Testng.Create_Contact_Test_TestNg" name="createContact" time="9.528"/>
  <system-out/>
  <testcase classname="Com.Crm.Comcast.ContactTest_BatchExecution_Testng.Create_Contact_Test_TestNg" name="createContactWithOrgTest" time="13.364"/>
  <system-out/>
  <testcase classname="Com.Crm.Comcast.ContactTest_BatchExecution_Testng.Create_Contact_Test_TestNg" name="createContactWithSupportDateTest" time="13.334"/>
  <system-out/>
</testsuite> <!-- Com.Crm.Comcast.ContactTest_BatchExecution_Testng.Create_Contact_Test_TestNg -->
