<?xml version="1.0" encoding="UTF-8"?>
<!-- Generated by org.testng.reporters.JUnitReportReporter -->
<testsuite hostname="DESKTOP-C59B9SP" failures="0" tests="2" name="Assertion_Testng.Home_Page_Verification_Test" time="11.310" errors="0" timestamp="2026-03-12T11:08:46 IST" skipped="0">
  <testcase classname="Assertion_Testng.Home_Page_Verification_Test" name="verifyLogoHomePageTest" time="5.435"/>
  <testcase classname="Assertion_Testng.Home_Page_Verification_Test" name="homePageTest" time="5.875"/>
</testsuite> <!-- Assertion_Testng.Home_Page_Verification_Test -->
