<?xml version="1.0" encoding="UTF-8"?>
<!-- Generated by org.testng.reporters.JUnitReportReporter -->
<testsuite hostname="DESKTOP-C59B9SP" failures="0" tests="1" name="Debbuging_Concept_com.comcast.crm.org_Test.Create_Organisation_Test_TestNg" time="5.755" errors="0" timestamp="2026-04-15T20:27:36 IST" skipped="0">
  <testcase classname="Debbuging_Concept_com.comcast.crm.org_Test.Create_Organisation_Test_TestNg" name="createOrgWithIndustriesTest" time="5.755"/>
  <system-out/>
</testsuite> <!-- Debbuging_Concept_com.comcast.crm.org_Test.Create_Organisation_Test_TestNg -->
