<?xml version="1.0" encoding="UTF-8"?>
<!-- Generated by org.testng.reporters.JUnitReportReporter -->
<testsuite hostname="DESKTOP-C59B9SP" failures="0" tests="2" name="Assertion_Testng.Home_Page_Verification_Test2" time="14.898" errors="0" timestamp="2026-03-12T11:19:52 IST" skipped="0">
  <testcase classname="Assertion_Testng.Home_Page_Verification_Test2" name="verifyLogoHomePageTest" time="5.659"/>
  <testcase classname="Assertion_Testng.Home_Page_Verification_Test2" name="homePageTest" time="9.239"/>
</testsuite> <!-- Assertion_Testng.Home_Page_Verification_Test2 -->
