<?xml version="1.0" encoding="UTF-8"?>
<!-- Generated by org.testng.reporters.JUnitReportReporter -->
<testsuite hostname="DESKTOP-C59B9SP" failures="0" tests="3" name="Debbuging_Concept_com.comcast.crm.contact_Test.Create_Contact_Test_TestNg" time="29.804" errors="1" timestamp="2026-04-14T18:47:42 IST" skipped="0">
  <testcase classname="Debbuging_Concept_com.comcast.crm.contact_Test.Create_Contact_Test_TestNg" name="createContactWithSupportDateTest" time="8.370"/>
  <system-out/>
  <testcase classname="Debbuging_Concept_com.comcast.crm.contact_Test.Create_Contact_Test_TestNg" name="createContactTest" time="4.125">
    <error message="Cannot invoke &quot;com.aventstack.extentreports.ExtentTest.log(com.aventstack.extentreports.Status, String)&quot; because the return value of &quot;Com.Com_Cast.Generic.Webdriver_Utility.UtilityClassObject.getTest()&quot; is null" type="java.lang.NullPointerException">
      <![CDATA[java.lang.NullPointerException: Cannot invoke "com.aventstack.extentreports.ExtentTest.log(com.aventstack.extentreports.Status, String)" because the return value of "Com.Com_Cast.Generic.Webdriver_Utility.UtilityClassObject.getTest()" is null
at Debbuging_Concept_com.comcast.crm.contact_Test.Create_Contact_Test_TestNg.createContactTest(Create_Contact_Test_TestNg.java:28)
at java.base/jdk.internal.reflect.DirectMethodHandleAccessor.invoke(DirectMethodHandleAccessor.java:103)
at java.base/java.lang.reflect.Method.invoke(Method.java:580)
at org.testng.internal.MethodInvocationHelper.invokeMethod(MethodInvocationHelper.java:133)
at org.testng.internal.TestInvoker.invokeMethod(TestInvoker.java:598)
at org.testng.internal.TestInvoker.invokeTestMethod(TestInvoker.java:173)
at org.testng.internal.MethodRunner.runInSequence(MethodRunner.java:46)
at org.testng.internal.TestInvoker$MethodInvocationAgent.invoke(TestInvoker.java:824)
at org.testng.internal.TestInvoker.invokeTestMethods(TestInvoker.java:146)
at org.testng.internal.TestMethodWorker.invokeTestMethods(TestMethodWorker.java:146)
at org.testng.internal.TestMethodWorker.run(TestMethodWorker.java:128)
at java.base/java.util.ArrayList.forEach(ArrayList.java:1596)
at org.testng.TestRunner.privateRun(TestRunner.java:794)
at org.testng.TestRunner.run(TestRunner.java:596)
at org.testng.SuiteRunner.runTest(SuiteRunner.java:377)
at org.testng.SuiteRunner.runSequentially(SuiteRunner.java:371)
at org.testng.SuiteRunner.privateRun(SuiteRunner.java:332)
at org.testng.SuiteRunner.run(SuiteRunner.java:276)
at org.testng.SuiteRunnerWorker.runSuite(SuiteRunnerWorker.java:53)
at org.testng.SuiteRunnerWorker.run(SuiteRunnerWorker.java:96)
at org.testng.TestNG.runSuitesSequentially(TestNG.java:1212)
at org.testng.TestNG.runSuitesLocally(TestNG.java:1134)
at org.testng.TestNG.runSuites(TestNG.java:1063)
at org.testng.TestNG.run(TestNG.java:1031)
at org.testng.remote.AbstractRemoteTestNG.run(AbstractRemoteTestNG.java:115)
at org.testng.remote.RemoteTestNG.initAndRun(RemoteTestNG.java:293)
at org.testng.remote.RemoteTestNG.main(RemoteTestNG.java:91)
]]>
    </error>
  </testcase> <!-- createContactTest -->
  <system-out/>
  <testcase classname="Debbuging_Concept_com.comcast.crm.contact_Test.Create_Contact_Test_TestNg" name="createContactWithOrgTest" time="17.309"/>
  <system-out/>
</testsuite> <!-- Debbuging_Concept_com.comcast.crm.contact_Test.Create_Contact_Test_TestNg -->
