<?xml version="1.0" encoding="UTF-8"?>
<!-- Generated by org.testng.reporters.JUnitReportReporter -->
<testsuite hostname="DESKTOP-C59B9SP" failures="0" tests="2" name="Practice_TestNG_2.Create_Contact_Test2" time="0.009" errors="0" timestamp="2026-03-06T20:12:55 IST" skipped="0">
  <testcase classname="Practice_TestNG_2.Create_Contact_Test2" name="createContactWithSupportDate" time="0.003"/>
  <testcase classname="Practice_TestNG_2.Create_Contact_Test2" name="createContactTest" time="0.006"/>
</testsuite> <!-- Practice_TestNG_2.Create_Contact_Test2 -->
