<?xml version="1.0" encoding="UTF-8"?>
<!-- Generated by org.testng.reporters.JUnitReportReporter -->
<testsuite hostname="DESKTOP-C59B9SP" failures="0" tests="2" name="Assertion_Testng.HomePageSampleTest_Reporting_Basic_Reports" time="0.020" errors="0" timestamp="2026-03-16T11:31:51 IST" skipped="0">
  <testcase classname="Assertion_Testng.HomePageSampleTest_Reporting_Basic_Reports" name="verifyLogoHomePageTest" time="0.003">
    <system-out>
      <![CDATA[verifyLogoHomePageTest Test Start
step-1
step-2
step-3
step-4
verifyLogoHomePageTest Test End]]>
    </system-out>
  </testcase> <!-- verifyLogoHomePageTest -->
  <testcase classname="Assertion_Testng.HomePageSampleTest_Reporting_Basic_Reports" name="homePageTest" time="0.017">
    <system-out>
      <![CDATA[homePageTest Test Start
step-1
step-2
step-3
step-4
homePageTest Test End]]>
    </system-out>
  </testcase> <!-- homePageTest -->
  <system-out>
    <![CDATA[homePageTest Test Start
step-1
step-2
step-3
step-4
homePageTest Test End
verifyLogoHomePageTest Test Start
step-1
step-2
step-3
step-4
verifyLogoHomePageTest Test End]]>
  </system-out>
</testsuite> <!-- Assertion_Testng.HomePageSampleTest_Reporting_Basic_Reports -->
