<?xml version="1.0" encoding="UTF-8"?>
<!-- Generated by org.testng.reporters.JUnitReportReporter -->
<testsuite hostname="DESKTOP-C59B9SP" failures="0" tests="3" name="Com.Crm.Comcast.OrganisationTest_Testng.Create_Organisation_Test_TestNg" time="17.777" errors="0" timestamp="2026-04-15T20:24:14 IST" skipped="0">
  <testcase classname="Com.Crm.Comcast.OrganisationTest_Testng.Create_Organisation_Test_TestNg" name="createOrgWithPhoneNumberTest" time="5.160"/>
  <system-out/>
  <testcase classname="Com.Crm.Comcast.OrganisationTest_Testng.Create_Organisation_Test_TestNg" name="createOrgWithIndustriesTest" time="6.703"/>
  <system-out/>
  <testcase classname="Com.Crm.Comcast.OrganisationTest_Testng.Create_Organisation_Test_TestNg" name="createOrgTest" time="5.914"/>
  <system-out/>
</testsuite> <!-- Com.Crm.Comcast.OrganisationTest_Testng.Create_Organisation_Test_TestNg -->
