<?xml version="1.0" encoding="UTF-8"?>
<!-- Generated by org.testng.reporters.JUnitReportReporter -->
<testsuite hostname="DESKTOP-C59B9SP" failures="0" tests="3" name="Practice_TestNG_2.Get_Product_Info_Test2" time="58.217" errors="0" timestamp="2026-03-06T15:55:54 IST" skipped="0">
  <testcase classname="Practice_TestNG_2.Get_Product_Info_Test2" name="getProductInfoTest" time="25.555"/>
  <testcase classname="Practice_TestNG_2.Get_Product_Info_Test2" name="getProductInfoTest" time="26.031"/>
  <testcase classname="Practice_TestNG_2.Get_Product_Info_Test2" name="getProductInfoTest" time="6.631"/>
</testsuite> <!-- Practice_TestNG_2.Get_Product_Info_Test2 -->
