<?xml version="1.0" encoding="UTF-8"?>
<!-- Generated by org.testng.reporters.JUnitReportReporter -->
<testsuite hostname="DESKTOP-C59B9SP" failures="0" tests="2" name="Com.Crm.Comcast.OrgTest_Testng.Create_Organisation_Test_TestNg" time="0.009" errors="0" timestamp="2026-03-09T11:14:42 IST" skipped="0">
  <testcase classname="Com.Crm.Comcast.OrgTest_Testng.Create_Organisation_Test_TestNg" name="createOrgWithIndustries" time="0.002"/>
  <testcase classname="Com.Crm.Comcast.OrgTest_Testng.Create_Organisation_Test_TestNg" name="createOrgTest" time="0.007"/>
</testsuite> <!-- Com.Crm.Comcast.OrgTest_Testng.Create_Organisation_Test_TestNg -->
