<?xml version="1.0" encoding="UTF-8"?>
<!-- Generated by org.testng.reporters.JUnitReportReporter -->
<testsuite hostname="DESKTOP-C59B9SP" failures="0" tests="3" name="Advance_Reporting.Create_Contact_Test_TestNg" time="33.557" errors="0" timestamp="2026-04-16T16:05:07 IST" skipped="0">
  <testcase classname="Advance_Reporting.Create_Contact_Test_TestNg" name="createContactWithOrgTest" time="14.109"/>
  <system-out/>
  <testcase classname="Advance_Reporting.Create_Contact_Test_TestNg" name="createContactTest" time="10.008"/>
  <system-out/>
  <testcase classname="Advance_Reporting.Create_Contact_Test_TestNg" name="createContactWithSupportDateTest" time="9.440"/>
  <system-out/>
</testsuite> <!-- Advance_Reporting.Create_Contact_Test_TestNg -->
