<?xml version="1.0" encoding="UTF-8"?>
<!-- Generated by org.testng.reporters.JUnitReportReporter -->
<testsuite hostname="DESKTOP-C59B9SP" failures="0" tests="1" name="Com.Crm.Comcast.OrganisationTest_GroupExecution_Testng.Create_Organisation_Test_TestNg" time="8.663" errors="0" timestamp="2026-03-17T19:17:37 IST" skipped="0">
  <testcase classname="Com.Crm.Comcast.OrganisationTest_GroupExecution_Testng.Create_Organisation_Test_TestNg" name="createOrgTest" time="8.663"/>
  <system-out/>
</testsuite> <!-- Com.Crm.Comcast.OrganisationTest_GroupExecution_Testng.Create_Organisation_Test_TestNg -->
