<?xml version="1.0" encoding="UTF-8"?>
<!-- Generated by org.testng.reporters.JUnitReportReporter -->
<testsuite hostname="DESKTOP-C59B9SP" failures="0" tests="3" name="Com.Crm.Comcast.ContactTest_Parallel_Distribution_Execution_Testng.Create_Contact_Test_TestNg" time="24.140" errors="0" timestamp="2026-03-17T20:10:33 IST" skipped="0">
  <testcase classname="Com.Crm.Comcast.ContactTest_Parallel_Distribution_Execution_Testng.Create_Contact_Test_TestNg" name="createContactWithSupportDateTest" time="7.489"/>
  <system-out/>
  <testcase classname="Com.Crm.Comcast.ContactTest_Parallel_Distribution_Execution_Testng.Create_Contact_Test_TestNg" name="createContactWithOrgTest" time="11.293"/>
  <system-out/>
  <testcase classname="Com.Crm.Comcast.ContactTest_Parallel_Distribution_Execution_Testng.Create_Contact_Test_TestNg" name="createContact" time="5.358"/>
  <system-out/>
</testsuite> <!-- Com.Crm.Comcast.ContactTest_Parallel_Distribution_Execution_Testng.Create_Contact_Test_TestNg -->
