<?xml version="1.0" encoding="UTF-8"?>
<!-- Generated by org.testng.reporters.JUnitReportReporter -->
<testsuite hostname="DESKTOP-C59B9SP" failures="0" tests="6" name="Com.Crm.Comcast.OrganisationTest_ParallelExecution_CrossBrowser_Testng.Create_Organisation_Test_TestNg" time="59.317" errors="0" timestamp="2026-03-21T22:26:11 IST" skipped="0">
  <testcase classname="Com.Crm.Comcast.OrganisationTest_ParallelExecution_CrossBrowser_Testng.Create_Organisation_Test_TestNg" name="createOrgTest" time="14.978"/>
  <system-out/>
  <testcase classname="Com.Crm.Comcast.OrganisationTest_ParallelExecution_CrossBrowser_Testng.Create_Organisation_Test_TestNg" name="createOrgTest" time="13.124"/>
  <system-out/>
  <testcase classname="Com.Crm.Comcast.OrganisationTest_ParallelExecution_CrossBrowser_Testng.Create_Organisation_Test_TestNg" name="createOrgWithIndustriesTest" time="7.310"/>
  <system-out/>
  <testcase classname="Com.Crm.Comcast.OrganisationTest_ParallelExecution_CrossBrowser_Testng.Create_Organisation_Test_TestNg" name="createOrgWithPhoneNumberTest" time="8.776"/>
  <system-out/>
  <testcase classname="Com.Crm.Comcast.OrganisationTest_ParallelExecution_CrossBrowser_Testng.Create_Organisation_Test_TestNg" name="createOrgWithIndustriesTest" time="7.603"/>
  <system-out/>
  <testcase classname="Com.Crm.Comcast.OrganisationTest_ParallelExecution_CrossBrowser_Testng.Create_Organisation_Test_TestNg" name="createOrgWithPhoneNumberTest" time="7.526"/>
  <system-out/>
</testsuite> <!-- Com.Crm.Comcast.OrganisationTest_ParallelExecution_CrossBrowser_Testng.Create_Organisation_Test_TestNg -->
