<?xml version="1.0" encoding="UTF-8"?>
<!-- Generated by org.testng.reporters.JUnitReportReporter -->
<testsuite hostname="DESKTOP-C59B9SP" failures="0" tests="3" name="Practice_TestNG_2.Get_Product_Info_Test" time="94.421" errors="0" timestamp="2026-03-06T14:33:46 IST" skipped="0">
  <testcase classname="Practice_TestNG_2.Get_Product_Info_Test" name="getProductInfoTest" time="30.442"/>
  <testcase classname="Practice_TestNG_2.Get_Product_Info_Test" name="getProductInfoTest" time="26.418"/>
  <testcase classname="Practice_TestNG_2.Get_Product_Info_Test" name="getProductInfoTest" time="37.561"/>
</testsuite> <!-- Practice_TestNG_2.Get_Product_Info_Test -->
