<?xml version="1.0" encoding="UTF-8"?>
<!-- Generated by org.testng.reporters.JUnitReportReporter -->
<testsuite hostname="DESKTOP-C59B9SP" failures="0" tests="3" name="Com.Crm.Comcast.OrganisationTest_Parallel_Distribution_Execution_Testng.Create_Organisation_Test_TestNg" time="18.665" errors="0" timestamp="2026-03-17T20:10:33 IST" skipped="0">
  <testcase classname="Com.Crm.Comcast.OrganisationTest_Parallel_Distribution_Execution_Testng.Create_Organisation_Test_TestNg" name="createOrgWithPhoneNumberTest" time="5.743"/>
  <system-out/>
  <testcase classname="Com.Crm.Comcast.OrganisationTest_Parallel_Distribution_Execution_Testng.Create_Organisation_Test_TestNg" name="createOrgTest" time="6.839"/>
  <system-out/>
  <testcase classname="Com.Crm.Comcast.OrganisationTest_Parallel_Distribution_Execution_Testng.Create_Organisation_Test_TestNg" name="createOrgWithIndustriesTest" time="6.083"/>
  <system-out/>
</testsuite> <!-- Com.Crm.Comcast.OrganisationTest_Parallel_Distribution_Execution_Testng.Create_Organisation_Test_TestNg -->
