<?xml version="1.0" encoding="UTF-8"?>
<!-- Generated by org.testng.reporters.JUnitXMLReporter -->
<testsuite ignored="0" hostname="DESKTOP-C59B9SP" failures="0" tests="3" name="Test-1" time="20.707" errors="0" timestamp="2026-03-17T20:10:28 IST">
  <testcase classname="Com.Crm.Comcast.OrganisationTest_Parallel_Distribution_Execution_Testng.Create_Organisation_Test_TestNg" name="createOrgTest" time="4.649"/>
  <testcase classname="Com.Crm.Comcast.OrganisationTest_Parallel_Distribution_Execution_Testng.Create_Organisation_Test_TestNg" name="createOrgWithIndustriesTest" time="3.721"/>
  <testcase classname="Com.Crm.Comcast.OrganisationTest_Parallel_Distribution_Execution_Testng.Create_Organisation_Test_TestNg" name="createOrgWithPhoneNumberTest" time="3.358"/>
</testsuite> <!-- Test-1 -->
