<?xml version="1.0" encoding="UTF-8"?>
<!-- Generated by org.testng.reporters.JUnitXMLReporter -->
<testsuite ignored="2" hostname="DESKTOP-C59B9SP" failures="0" tests="6" name="TestRunner-Chrome" time="76.518" errors="0" timestamp="2026-03-21T22:25:43 IST">
  <testcase classname="Com.Crm.Comcast.OrganisationTest_ParallelExecution_CrossBrowser_Testng.Create_Organisation_Test_TestNg" name="createOrgTest" time="11.817"/>
  <testcase classname="Com.Crm.Comcast.OrganisationTest_ParallelExecution_CrossBrowser_Testng.Create_Organisation_Test_TestNg" name="createOrgWithIndustriesTest" time="4.564"/>
  <testcase classname="Com.Crm.Comcast.OrganisationTest_ParallelExecution_CrossBrowser_Testng.Create_Organisation_Test_TestNg" name="createOrgWithPhoneNumberTest" time="4.613"/>
  <testcase classname="Com.Crm.Comcast.ContactTest_ParallelExecution_CrossBrowser_Testng.Create_Contact_Test_TestNg" name="createContactTest" time="5.603"/>
  <testcase classname="Com.Crm.Comcast.ContactTest_ParallelExecution_CrossBrowser_Testng.Create_Contact_Test_TestNg" name="createContactWithOrgTest" time="13.865"/>
  <testcase classname="Com.Crm.Comcast.ContactTest_ParallelExecution_CrossBrowser_Testng.Create_Contact_Test_TestNg" name="createContactWithSupportDateTest" time="4.687"/>
  <testcase classname="Com.Crm.Generic.BaseUtility_Parallel_CrossBrowser_TestNg.Base_Class_TestNg3" name="@BeforeSuite configBS" time="0.0">
    <ignored/>
  </testcase> <!-- @BeforeSuite configBS -->
  <testcase classname="Com.Crm.Generic.BaseUtility_Parallel_CrossBrowser_TestNg.Base_Class_TestNg3" name="@AfterSuite configAS" time="0.0">
    <ignored/>
  </testcase> <!-- @AfterSuite configAS -->
</testsuite> <!-- TestRunner-Chrome -->
