<?xml version="1.0" encoding="UTF-8"?>
<!-- Generated by org.testng.reporters.JUnitXMLReporter -->
<testsuite ignored="2" hostname="DESKTOP-C59B9SP" failures="0" tests="1" name="Test" time="220.81" errors="0" timestamp="2026-04-16T17:19:31 IST">
  <testcase classname="Advance_Reporting.Create_Organisation_Test_TestNg" name="createOrgTest" time="16.764"/>
  <testcase classname="Advance_Reporting.Create_Organisation_Test_TestNg" name="createOrgWithIndustriesTest" time="0.0">
    <ignored/>
  </testcase> <!-- createOrgWithIndustriesTest -->
  <testcase classname="Advance_Reporting.Create_Organisation_Test_TestNg" name="createOrgWithPhoneNumberTest" time="0.0">
    <ignored/>
  </testcase> <!-- createOrgWithPhoneNumberTest -->
</testsuite> <!-- Test -->
