<?xml version="1.0" encoding="UTF-8"?>
<!-- Generated by org.testng.reporters.JUnitXMLReporter -->
<testsuite ignored="0" hostname="DESKTOP-C59B9SP" failures="0" tests="3" name="Test-2" time="26.104" errors="0" timestamp="2026-03-17T20:10:33 IST">
  <testcase classname="Com.Crm.Comcast.ContactTest_Parallel_Distribution_Execution_Testng.Create_Contact_Test_TestNg" name="createContact" time="4.045"/>
  <testcase classname="Com.Crm.Comcast.ContactTest_Parallel_Distribution_Execution_Testng.Create_Contact_Test_TestNg" name="createContactWithOrgTest" time="8.592"/>
  <testcase classname="Com.Crm.Comcast.ContactTest_Parallel_Distribution_Execution_Testng.Create_Contact_Test_TestNg" name="createContactWithSupportDateTest" time="5.03"/>
</testsuite> <!-- Test-2 -->
