<?xml version="1.0" encoding="UTF-8"?>
<!-- Generated by org.testng.reporters.JUnitXMLReporter -->
<testsuite ignored="1" hostname="DESKTOP-C59B9SP" failures="1" tests="1" name="Default test(failed)" time="5.419" errors="0" timestamp="2026-03-17T10:35:09 IST">
  <testcase classname="Listner_TestNg.Invoice_Test2" name="createInvoice" time="0.024">
    <failure type="java.lang.AssertionError" message="expected [Login] but found [Admin123@ Administrator1 - Organizations - vtiger CRM 5 - Commercial Open Source CRM]">
      <![CDATA[java.lang.AssertionError: expected [Login] but found [Admin123@ Administrator1 - Organizations - vtiger CRM 5 - Commercial Open Source CRM]
at Listner_TestNg.Invoice_Test2.createInvoice(Invoice_Test2.java:17)
at java.base/java.util.ArrayList.forEach(ArrayList.java:1596)
... Removed 31 stack frames]]>
    </failure>
  </testcase> <!-- createInvoice -->
  <testcase classname="Listner_TestNg.Invoice_Test2" name="createInvoiceWithContact" time="0.0">
    <ignored/>
  </testcase> <!-- createInvoiceWithContact -->
</testsuite> <!-- Default test(failed) -->
