<?xml version="1.0" encoding="UTF-8"?>
<testng-results ignored="2" total="3" passed="1" failed="0" skipped="0">
  <reporter-output>
  </reporter-output>
  <suite started-at="2026-04-16T17:15:51 IST" name="Suite" finished-at="2026-04-16T17:19:31 IST" duration-ms="220810">
    <groups>
    </groups>
    <test started-at="2026-04-16T17:15:51 IST" name="Test" finished-at="2026-04-16T17:19:31 IST" duration-ms="220810">
      <class name="Advance_Reporting.Create_Organisation_Test_TestNg">
        <test-method is-config="true" signature="configBS()[pri:0, instance:Advance_Reporting.Create_Organisation_Test_TestNg@4f80542f]" started-at="2026-04-16T17:15:48 IST" name="configBS" finished-at="2026-04-16T17:15:51 IST" duration-ms="2116" status="PASS">
          <reporter-output>
          </reporter-output>
        </test-method> <!-- configBS -->
        <test-method is-config="true" signature="configBC()[pri:0, instance:Advance_Reporting.Create_Organisation_Test_TestNg@4f80542f]" started-at="2026-04-16T17:15:51 IST" name="configBC" finished-at="2026-04-16T17:18:48 IST" duration-ms="176942" status="PASS">
          <reporter-output>
          </reporter-output>
        </test-method> <!-- configBC -->
        <test-method is-config="true" signature="configBM()[pri:0, instance:Advance_Reporting.Create_Organisation_Test_TestNg@4f80542f]" started-at="2026-04-16T17:18:48 IST" name="configBM" finished-at="2026-04-16T17:19:13 IST" duration-ms="25785" status="PASS">
          <reporter-output>
          </reporter-output>
        </test-method> <!-- configBM -->
        <test-method signature="createOrgTest()[pri:0, instance:Advance_Reporting.Create_Organisation_Test_TestNg@4f80542f]" started-at="2026-04-16T17:19:13 IST" name="createOrgTest" finished-at="2026-04-16T17:19:30 IST" duration-ms="16764" status="PASS">
          <reporter-output>
          </reporter-output>
        </test-method> <!-- createOrgTest -->
        <test-method is-config="true" signature="configAM()[pri:0, instance:Advance_Reporting.Create_Organisation_Test_TestNg@4f80542f]" started-at="2026-04-16T17:19:30 IST" name="configAM" finished-at="2026-04-16T17:19:31 IST" duration-ms="951" status="PASS">
          <reporter-output>
          </reporter-output>
        </test-method> <!-- configAM -->
        <test-method is-config="true" signature="configAC()[pri:0, instance:Advance_Reporting.Create_Organisation_Test_TestNg@4f80542f]" started-at="2026-04-16T17:19:31 IST" name="configAC" finished-at="2026-04-16T17:19:31 IST" duration-ms="310" status="PASS">
          <reporter-output>
          </reporter-output>
        </test-method> <!-- configAC -->
        <test-method is-config="true" signature="configAS()[pri:0, instance:Advance_Reporting.Create_Organisation_Test_TestNg@4f80542f]" started-at="2026-04-16T17:19:31 IST" name="configAS" finished-at="2026-04-16T17:19:31 IST" duration-ms="1" status="PASS">
          <reporter-output>
          </reporter-output>
        </test-method> <!-- configAS -->
      </class> <!-- Advance_Reporting.Create_Organisation_Test_TestNg -->
    </test> <!-- Test -->
  </suite> <!-- Suite -->
</testng-results>
