<?xml version="1.0" encoding="UTF-8"?>
<!-- Generated by org.testng.reporters.JUnitXMLReporter -->
<testsuite ignored="0" hostname="DESKTOP-C59B9SP" failures="2" tests="3" name="Surefire test" time="0.354" errors="0" timestamp="2026-04-21T12:37:53 IST">
  <testcase classname="Advance_Reporting.Sample_Report_Test" name="createContactTest" time="0.293"/>
  <testcase classname="Assertion_Testng.Home_Page_Sample_Test" name="homePageTest" time="0.009">
    <failure type="java.lang.AssertionError" message="expected [Home-Page] but found [Home]">
      <![CDATA[java.lang.AssertionError: expected [Home-Page] but found [Home]
at Assertion_Testng.Home_Page_Sample_Test.homePageTest(Home_Page_Sample_Test.java:24)
at java.base/java.util.ArrayList.forEach(ArrayList.java:1604)
... Removed 36 stack frames]]>
    </failure>
  </testcase> <!-- homePageTest -->
  <testcase classname="Assertion_Testng.Home_Page_Sample_Test" name="homePageTest" time="0.013">
    <failure type="java.lang.NullPointerException" message="Cannot invoke &amp;quot;org.openqa.selenium.WebDriver.manage()&amp;quot; because &amp;quot;driver&amp;quot; is null">
      <![CDATA[java.lang.NullPointerException: Cannot invoke "org.openqa.selenium.WebDriver.manage()" because "driver" is null
at Com.Com_Cast.CRM.ListenerUtility.ListenerImplementationClass.onTestFailure(ListenerImplementationClass.java:63)
at java.base/java.util.ArrayList.forEach(ArrayList.java:1604)
... Removed 29 stack frames]]>
    </failure>
  </testcase> <!-- homePageTest -->
</testsuite> <!-- Surefire test -->
